<?xml version="1.0" encoding="UTF-8" ?>
<testsuite tests="8" failures="0" name="adt.bst.StudentBSTTest" time="0.008" errors="0" skipped="0">
  <properties>
[...]
</properties>
  <testcase classname="adt.bst.StudentBSTTest" name="testSucessorPredecessor" time="0.007"/>
  <testcase classname="adt.bst.StudentBSTTest" name="testInit" time="0.001"/>
  <testcase classname="adt.bst.StudentBSTTest" name="testSize" time="0"/>
  <testcase classname="adt.bst.StudentBSTTest" name="orderTest" time="0"/>
  <testcase classname="adt.bst.StudentBSTTest" name="testHeight" time="0"/>
  <testcase classname="adt.bst.StudentBSTTest" name="testMinMax" time="0"/>
  <testcase classname="adt.bst.StudentBSTTest" name="testRemove" time="0"/>
  <testcase classname="adt.bst.StudentBSTTest" name="testSearch" time="0"/>
</testsuite>